<?xml version="1.0"?>
<testsuites>
  <testsuite name="Chrome 25.0 (Mac)" package="undefined" timestamp="2013-03-24T20:04:01" id="0" hostname="MacBook-Pro-voice.local" tests="9" errors="0" failures="1" time="0.01">
    <properties>
      <property name="browser.fullName" value="Mozilla/5.0 (Macintosh; Intel Mac OS X 10_8_3) AppleWebKit/537.22 (KHTML, like Gecko) Chrome/25.0.1364.172 Safari/537.22"/>
    </properties>
    <testcase name="  return kperf" time="0.003" classname="Chrome 25.0 (Mac).supers"/>
    <testcase name="убедиться что возвращается функция " time="0.003" classname="Chrome 25.0 (Mac).supers">
      <failure type="">ReferenceError: walk is not defined
    at null.&lt;anonymous&gt; (/Users/voice/PhpstormProjects/l/kperfSpec.js:40:23)
</failure>
    </testcase>
    <testcase name="Убедиться что  kperf это функция" time="0.001" classname="Chrome 25.0 (Mac).supers"/>
    <testcase name="Если запустить kperf и не передать аргументов" time="0" classname="Chrome 25.0 (Mac).supers"/>
    <testcase name="вызывались ли аргументы" time="0.001" classname="Chrome 25.0 (Mac).supers"/>
    <testcase name=" не вызываeт аргументы до вызова супер-функции" time="0" classname="Chrome 25.0 (Mac).supers"/>
    <testcase name="Передает аргументы вложенным функциям" time="0.001" classname="Chrome 25.0 (Mac).supers"/>
    <testcase name="Передает несколько аргументов вложенным функциям многим" time="0.001" classname="Chrome 25.0 (Mac).supers"/>
    <testcase name="Передает несколько аргументов вложенным функциям многим" time="0" classname="Chrome 25.0 (Mac).supers"/>
    <system-out><![CDATA[
]]></system-out>
    <system-err/>
  </testsuite>
</testsuites>
