<?xml version="1.0"?>
<testsuites>
  <testsuite name="Chrome 25.0 (Mac)" package="undefined" timestamp="2013-03-23T00:50:46" id="0" hostname="MacBook-Pro-voice.local" tests="4" errors="0" failures="2" time="0.004">
    <properties>
      <property name="browser.fullName" value="Mozilla/5.0 (Macintosh; Intel Mac OS X 10_8_3) AppleWebKit/537.22 (KHTML, like Gecko) Chrome/25.0.1364.172 Safari/537.22"/>
    </properties>
    <testcase name="  function kperf" time="0.003" classname="Chrome 25.0 (Mac).supers"/>
    <testcase name="function return kperf" time="0.001" classname="Chrome 25.0 (Mac).supers"/>
    <testcase name="function return kperf2" time="0" classname="Chrome 25.0 (Mac).supers">
      <failure type="">Expected function to throw an exception.
Error: Expected function to throw an exception.
    at null.&lt;anonymous&gt; (/Users/voice/PhpstormProjects/l/kperfSpec.js:47:23)
</failure>
    </testcase>
    <testcase name="function return kperf3" time="0" classname="Chrome 25.0 (Mac).supers">
      <failure type="">Expected function to throw an exception.
Error: Expected function to throw an exception.
    at null.&lt;anonymous&gt; (/Users/voice/PhpstormProjects/l/kperfSpec.js:54:44)
</failure>
    </testcase>
    <system-out><![CDATA[
]]></system-out>
    <system-err/>
  </testsuite>
</testsuites>
