<?xml version="1.0"?>
<testsuites>
  <testsuite name="Chrome 25.0 (Mac)" package="undefined" timestamp="2013-03-19T20:56:25" id="0" hostname="MacBook-Pro-voice.local" tests="0" errors="1" failures="0" time="0">
    <properties>
      <property name="browser.fullName" value="Mozilla/5.0 (Macintosh; Intel Mac OS X 10_8_3) AppleWebKit/537.22 (KHTML, like Gecko) Chrome/25.0.1364.172 Safari/537.22"/>
    </properties>
    <system-out><![CDATA[Chrome 25.0 (Mac) ERROR
	Uncaught ReferenceError: kperf is not defined
	at /Users/voice/PhpstormProjects/l/kperfSpec.js:36

]]></system-out>
    <system-err/>
  </testsuite>
</testsuites>
